\BOOKMARK [-1][-]{part.1}{\376\377\173\054\116\000\220\350\122\006\000\040\165\037\162\151\123\026\133\146\060\001\122\006\133\120\165\037\162\151\133\146\060\001\176\306\200\336\165\037\162\151\133\146\060\001\137\256\165\037\162\151\133\146\060\001\165\037\162\151\142\200\147\057}{}% 1
\BOOKMARK [0][-]{chapter.1}{\376\377\176\323\147\204\165\037\162\151\123\026\133\146}{part.1}% 2
\BOOKMARK [1][-]{section.1.1}{\376\377\154\050\127\372\221\170}{chapter.1}% 3
\BOOKMARK [2][-]{subsection.1.1.1}{\376\377\154\050\127\372\221\170\166\204\176\323\147\204\116\016\122\006\174\173}{section.1.1}% 4
\BOOKMARK [2][-]{subsection.1.1.2}{\376\377\154\050\127\372\221\170\166\204\140\047\215\050\124\214\122\237\200\375}{section.1.1}% 5
\BOOKMARK [2][-]{subsection.1.1.3}{\376\377\154\050\127\372\221\170\166\204\122\237\200\375}{section.1.1}% 6
\BOOKMARK [1][-]{section.1.2}{\376\377\206\313\166\175\215\050\166\204\176\323\147\204}{chapter.1}% 7
\BOOKMARK [2][-]{subsection.1.2.1}{\376\377\200\275}{section.1.2}% 8
\BOOKMARK [2][-]{subsection.1.2.2}{\376\377\206\313\166\175\215\050\166\204\176\323\147\204}{section.1.2}% 9
\BOOKMARK [2][-]{subsection.1.2.3}{\376\377\206\313\166\175\215\050\166\204\142\230\123\340\123\206\172\013}{section.1.2}% 10
\BOOKMARK [1][-]{section.1.3}{\376\377\206\313\166\175\215\050\176\323\147\204\124\214\122\237\200\375\116\113\225\364\166\204\121\163\174\373}{chapter.1}% 11
\BOOKMARK [2][-]{subsection.1.3.1}{\376\377\206\313\166\175\215\050\166\204\122\237\200\375}{section.1.3}% 12
\BOOKMARK [2][-]{subsection.1.3.2}{\376\377\206\313\166\175\215\050\176\323\147\204\124\214\122\237\200\375\116\113\225\364\166\204\121\163\174\373}{section.1.3}% 13
\BOOKMARK [2][-]{subsection.1.3.3}{\376\377\121\340\171\315\221\315\211\201\166\204\206\313\166\175\215\050\124\214\122\237\200\375}{section.1.3}% 14
\BOOKMARK [1][-]{section.1.4}{\376\377\150\070\202\367\221\170}{chapter.1}% 15
\BOOKMARK [2][-]{subsection.1.4.1}{\376\377\150\070\202\367\221\170\166\204\176\323\147\204\116\016\176\304\142\020}{section.1.4}% 16
\BOOKMARK [1][-]{section.1.5}{\376\377\150\070\221\170\166\204\176\323\147\204\116\016\122\237\200\375}{chapter.1}% 17
\BOOKMARK [2][-]{subsection.1.5.1}{\376\377\150\070\221\170\166\204\122\006\174\173}{section.1.5}% 18
\BOOKMARK [2][-]{subsection.1.5.2}{\376\377\150\070\221\170\166\204\116\000\176\247\176\323\147\204}{section.1.5}% 19
\BOOKMARK [2][-]{subsection.1.5.3}{\376\377\150\070\221\170\166\204\116\214\176\247\176\323\147\204}{section.1.5}% 20
\BOOKMARK [1][-]{section.1.6}{\376\377\150\070\221\170\166\204\164\006\123\026\140\047\215\050}{chapter.1}% 21
\BOOKMARK [1][-]{section.1.7}{\376\377\221\166\133\146\151\202\213\272}{chapter.1}% 22
\BOOKMARK [2][-]{subsection.1.7.1}{\376\377\221\166\166\204\123\026\133\146\147\054\215\050}{section.1.7}% 23
\BOOKMARK [2][-]{subsection.1.7.2}{\376\377\221\166\166\204\120\254\123\026\140\047\215\050}{section.1.7}% 24
\BOOKMARK [2][-]{subsection.1.7.3}{\376\377\221\166\166\204\122\006\174\173}{section.1.7}% 25
\BOOKMARK [1][-]{section.1.8}{\376\377\221\166\122\250\122\233\133\146}{chapter.1}% 26
\BOOKMARK [2][-]{subsection.1.8.1}{\376\377\137\161\124\315\221\166\117\303\123\315\136\224\220\037\163\207\166\204\126\340\175\040}{section.1.8}% 27
\BOOKMARK [2][-]{subsection.1.8.2}{\376\377\174\163\154\017\122\250\122\233\133\146}{section.1.8}% 28
\BOOKMARK [2][-]{subsection.1.8.3}{\376\377\174\163\154\017\221\166\142\221\122\066\122\102\122\250\122\233\133\146}{section.1.8}% 29
\BOOKMARK [2][-]{subsection.1.8.4}{\376\377\122\053\147\204\221\166\166\204\122\250\122\233\133\146}{section.1.8}% 30
\BOOKMARK [1][-]{section.1.9}{\376\377\157\300\175\040\124\214\117\341\123\367\217\154\133\374}{chapter.1}% 31
\BOOKMARK [2][-]{subsection.1.9.1}{\376\377\157\300\175\040\166\204\116\000\202\054\140\047\215\050}{section.1.9}% 32
\BOOKMARK [2][-]{subsection.1.9.2}{\376\377\157\300\175\040\117\134\165\050\166\204\116\000\202\054\162\171\137\201}{section.1.9}% 33
\BOOKMARK [0][-]{chapter.2}{\376\377\116\343\214\042\165\037\162\151\123\026\133\146}{part.1}% 34
\BOOKMARK [1][-]{section.2.1}{\376\377\165\037\162\151\200\375\133\146}{chapter.2}% 35
\BOOKMARK [1][-]{section.2.2}{\376\377\165\037\162\151\154\047\123\026}{chapter.2}% 36
\BOOKMARK [1][-]{section.2.3}{\376\377\174\326\221\165\211\343}{chapter.2}% 37
\BOOKMARK [2][-]{subsection.2.3.1}{\376\377\174\326\221\165\211\343\166\204\121\150\220\350\123\315\136\224}{section.2.3}% 38
\BOOKMARK [2][-]{subsection.2.3.2}{\376\377\000N\000A\000D\000H\124\214\116\031\221\156\221\170\166\204\124\175\217\320}{section.2.3}% 39
\BOOKMARK [2][-]{subsection.2.3.3}{\376\377\121\166\116\326\162\151\215\050\217\333\121\145\174\326\221\165\211\343}{section.2.3}% 40
\BOOKMARK [2][-]{subsection.2.3.4}{\376\377\174\326\221\165\211\343\166\204\165\037\164\006\122\237\200\375}{section.2.3}% 41
\BOOKMARK [2][-]{subsection.2.3.5}{\376\377\174\326\221\165\211\343\166\204\214\003\202\202}{section.2.3}% 42
\BOOKMARK [0][-]{chapter.3}{\376\377\122\006\133\120\165\037\162\151\133\146}{part.1}% 43
\BOOKMARK [1][-]{section.3.1}{\376\377\000D\000N\000A\131\015\122\066}{chapter.3}% 44
\BOOKMARK [2][-]{subsection.3.1.1}{\376\377\000D\000N\000A\131\015\122\066\166\204\116\000\202\054\162\171\137\201}{section.3.1}% 45
\BOOKMARK [2][-]{subsection.3.1.2}{\376\377\123\302\116\016\000D\000N\000A\131\015\122\066\166\204\116\073\211\201\221\166\124\214\121\166\116\326\206\313\166\175\215\050}{section.3.1}% 46
\BOOKMARK [2][-]{subsection.3.1.3}{\376\377\000D\000N\000A\131\015\122\066\166\204\213\346\176\306\147\072\122\066}{section.3.1}% 47
\BOOKMARK [1][-]{section.3.2}{\376\377\000D\000N\000A\166\204\143\137\117\044\060\001\117\356\131\015\124\214\172\201\123\330}{chapter.3}% 48
\BOOKMARK [2][-]{subsection.3.2.1}{\376\377\000D\000N\000A\166\204\143\137\117\044}{section.3.2}% 49
\BOOKMARK [2][-]{subsection.3.2.2}{\376\377\000D\000N\000A\166\204\117\356\131\015}{section.3.2}% 50
\BOOKMARK [1][-]{section.3.3}{\376\377\000D\000N\000A\221\315\176\304}{chapter.3}% 51
\BOOKMARK [1][-]{section.3.4}{\376\377\000D\000N\000A\217\154\137\125}{chapter.3}% 52
\BOOKMARK [2][-]{subsection.3.4.1}{\376\377\000D\000N\000A\217\154\137\125\166\204\116\000\202\054\162\171\137\201}{section.3.4}% 53
\BOOKMARK [2][-]{subsection.3.4.2}{\376\377\000R\000N\000A\200\132\124\010\221\166}{section.3.4}% 54
\BOOKMARK [0][-]{chapter.4}{\376\377\176\306\200\336\165\037\162\151\133\146}{part.1}% 55
\BOOKMARK [1][-]{section.4.1}{\376\377\176\352\213\272}{chapter.4}% 56
\BOOKMARK [2][-]{subsection.4.1.1}{\376\377\176\306\200\336\131\047\134\017\166\204\121\263\133\232}{section.4.1}% 57
\BOOKMARK [2][-]{subsection.4.1.2}{\376\377\123\344\176\306\203\314\377\010\123\344\150\070\176\306\200\336\377\011}{section.4.1}% 58
\BOOKMARK [1][-]{section.4.2}{\376\377\176\306\200\336\215\050\201\234}{chapter.4}% 59
\BOOKMARK [2][-]{subsection.4.2.1}{\376\377\176\306\200\336\215\050\201\234\166\204\176\323\147\204}{section.4.2}% 60
\BOOKMARK [1][-]{section.4.3}{\376\377\162\151\215\050\215\350\201\234\217\320\217\223}{chapter.4}% 61
\BOOKMARK [1][-]{section.4.4}{\376\377\176\306\200\336\215\050\127\372\215\050\116\016\121\205\201\234\174\373\176\337}{chapter.4}% 62
\BOOKMARK [1][-]{section.4.5}{\376\377\206\313\166\175\215\050\122\006\220\011\116\016\201\234\154\341\217\320\217\223}{chapter.4}% 63
\BOOKMARK [2][-]{subsection.4.5.1}{\376\377\206\313\166\175\215\050\122\006\220\011}{section.4.5}% 64
\BOOKMARK [1][-]{section.4.6}{\376\377\176\277\174\222\117\123\060\001\123\366\176\377\117\123}{chapter.4}% 65
\BOOKMARK [1][-]{section.4.7}{\376\377\176\306\200\336\232\250\147\266}{chapter.4}% 66
\BOOKMARK [2][-]{subsection.4.7.1}{\376\377\137\256\116\035}{section.4.7}% 67
\BOOKMARK [1][-]{section.4.8}{\376\377\176\306\200\336\150\070\060\001\147\323\202\162\215\050}{chapter.4}% 68
\BOOKMARK [1][-]{section.4.9}{\376\377\150\070\174\326\117\123}{chapter.4}% 69
\BOOKMARK [1][-]{section.4.10}{\376\377\176\306\200\336\117\341\123\367\217\154\133\374}{chapter.4}% 70
\BOOKMARK [1][-]{section.4.11}{\376\377\176\306\200\336\124\150\147\037\060\001\176\306\200\336\122\006\210\302}{chapter.4}% 71
\BOOKMARK [1][-]{section.4.12}{\376\377\176\306\200\336\130\236\153\226\214\003\143\247\116\016\166\114\176\306\200\336}{chapter.4}% 72
\BOOKMARK [1][-]{section.4.13}{\376\377\176\306\200\336\122\006\123\026\060\001\136\162\176\306\200\336}{chapter.4}% 73
\BOOKMARK [1][-]{section.4.14}{\376\377\176\306\200\336\210\160\200\001\116\016\176\306\200\336\172\013\136\217\140\047\153\173\116\241}{chapter.4}% 74
\BOOKMARK [1][-]{section.4.15}{\376\377\176\306\200\336\166\204\171\076\117\032\200\124\174\373}{chapter.4}% 75
\BOOKMARK [2][-]{subsection.4.15.1}{\376\377\176\306\200\336\217\336\143\245}{section.4.15}% 76
\BOOKMARK [0][-]{chapter.5}{\376\377\137\256\165\037\162\151\133\146}{part.1}% 77
\BOOKMARK [0][-]{chapter.6}{\376\377\165\037\162\151\142\200\147\057}{part.1}% 78
\BOOKMARK [1][-]{section.6.1}{\376\377\146\076\137\256\225\134}{chapter.6}% 79
\BOOKMARK [2][-]{subsection.6.1.1}{\376\377\121\111\133\146\146\076\137\256\225\134}{section.6.1}% 80
\BOOKMARK [2][-]{subsection.6.1.2}{\376\377\165\065\133\120\146\076\137\256\225\134}{section.6.1}% 81
\BOOKMARK [2][-]{subsection.6.1.3}{\376\377\142\153\143\317\226\247\220\123\146\076\137\256\225\134\377\010\000S\000T\000M\377\011}{section.6.1}% 82
\BOOKMARK [1][-]{section.6.2}{\376\377\165\065\154\363}{chapter.6}% 83
\BOOKMARK [1][-]{section.6.3}{\376\377\150\070\221\170\155\113\136\217}{chapter.6}% 84
\BOOKMARK [2][-]{subsection.6.3.1}{\376\377\173\054\116\000\116\343\155\113\136\217}{section.6.3}% 85
\BOOKMARK [1][-]{section.6.4}{\376\377\150\070\221\170\122\006\171\273\176\257\123\026}{chapter.6}% 86
\BOOKMARK [2][-]{subsection.6.4.1}{\376\377\221\132\000-\154\057\116\377\000-\137\002\142\012\221\207\142\275\143\320}{section.6.4}% 87
\BOOKMARK [2][-]{subsection.6.4.2}{\376\377\215\050\174\222\143\320\123\326\040\024\040\024\000S\000D\000S\170\261\210\302\211\343\154\325}{section.6.4}% 88
\BOOKMARK [2][-]{subsection.6.4.3}{\376\377\000R\000N\000A\143\320\123\326}{section.6.4}% 89
\BOOKMARK [2][-]{subsection.6.4.4}{\376\377\150\070\221\170\176\257\136\246\150\300\155\113}{section.6.4}% 90
\BOOKMARK [2][-]{subsection.6.4.5}{\376\377\150\070\221\170\147\102\116\244}{section.6.4}% 91
\BOOKMARK [1][-]{section.6.5}{\376\377\127\372\126\340\135\345\172\013}{chapter.6}% 92
\BOOKMARK [1][-]{section.6.6}{\376\377\206\313\166\175\215\050\142\200\147\057}{chapter.6}% 93
\BOOKMARK [2][-]{subsection.6.6.1}{\376\377\206\313\166\175\215\050\122\006\171\273\176\257\123\026}{section.6.6}% 94
\BOOKMARK [2][-]{subsection.6.6.2}{\376\377\206\313\166\175\215\050\133\232\221\317}{section.6.6}% 95
\BOOKMARK [2][-]{subsection.6.6.3}{\376\377\206\313\166\175\215\050\165\065\154\363}{section.6.6}% 96
\BOOKMARK [1][-]{section.6.7}{\376\377\122\006\133\120\116\222\117\134\170\024\172\166}{chapter.6}% 97
\BOOKMARK [2][-]{subsection.6.7.1}{\376\377\116\222\117\134\170\024\172\166\142\200\147\057\166\204\220\002\165\050\203\003\126\364}{section.6.7}% 98
\BOOKMARK [2][-]{subsection.6.7.2}{\376\377\203\147\121\111\120\117\143\057\377\010\000F\000P\377\011}{section.6.7}% 99
\BOOKMARK [-1][-]{part.2}{\376\377\173\054\116\214\220\350\122\006\000\040\151\015\162\151\133\146\060\001\151\015\162\151\165\037\164\006\133\146}{}% 100
\BOOKMARK [0][-]{chapter.7}{\376\377\151\015\162\151\137\142\140\001\211\343\122\126}{part.2}% 101
\BOOKMARK [1][-]{section.7.1}{\376\377\151\015\162\151\176\306\200\336}{chapter.7}% 102
\BOOKMARK [2][-]{subsection.7.1.1}{\376\377\151\015\162\151\176\306\200\336\166\204\137\142\162\266\124\214\131\047\134\017}{section.7.1}% 103
\BOOKMARK [2][-]{subsection.7.1.2}{\376\377\151\015\162\151\176\306\200\336\166\204\176\323\147\204\116\016\122\237\200\375}{section.7.1}% 104
\BOOKMARK [2][-]{subsection.7.1.3}{\376\377\151\015\162\151\176\306\200\336\166\204\124\016\124\053\162\151}{section.7.1}% 105
\BOOKMARK [1][-]{section.7.2}{\376\377\151\015\162\151\166\204\176\304\176\307}{chapter.7}% 106
\BOOKMARK [2][-]{subsection.7.2.1}{\376\377\122\006\165\037\176\304\176\307}{section.7.2}% 107
\BOOKMARK [2][-]{subsection.7.2.2}{\376\377\142\020\161\237\176\304\176\307}{section.7.2}% 108
\BOOKMARK [1][-]{section.7.3}{\376\377\151\015\162\151\166\204\204\045\121\173\126\150\133\230}{chapter.7}% 109
\BOOKMARK [2][-]{subsection.7.3.1}{\376\377\150\071}{section.7.3}% 110
\BOOKMARK [2][-]{subsection.7.3.2}{\376\377\203\016}{section.7.3}% 111
\BOOKMARK [2][-]{subsection.7.3.3}{\376\377\123\366}{section.7.3}% 112
\BOOKMARK [1][-]{section.7.4}{\376\377\151\015\162\151\166\204\176\101\153\226\126\150\133\230}{chapter.7}% 113
\BOOKMARK [0][-]{chapter.8}{\376\377\151\015\162\151\122\006\174\173\133\146}{part.2}% 114
\BOOKMARK [1][-]{section.8.1}{\376\377\151\015\162\151\122\006\174\173\174\373\176\337}{chapter.8}% 115
\BOOKMARK [2][-]{subsection.8.1.1}{\376\377\151\015\162\151\166\204\122\006\174\173}{section.8.1}% 116
\BOOKMARK [2][-]{subsection.8.1.2}{\376\377\151\015\162\151\122\006\174\173\166\204\226\066\134\102\060\001\123\314\124\015\154\325}{section.8.1}% 117
\BOOKMARK [2][-]{subsection.8.1.3}{\376\377\126\375\226\105\151\015\162\151\124\175\124\015\154\325\211\304}{section.8.1}% 118
\BOOKMARK [1][-]{section.8.2}{\376\377\205\373\174\173}{chapter.8}% 119
\BOOKMARK [2][-]{subsection.8.2.1}{\376\377\204\335\205\373\225\350}{section.8.2}% 120
\BOOKMARK [2][-]{subsection.8.2.2}{\376\377\210\370\205\373\225\350}{section.8.2}% 121
\BOOKMARK [2][-]{subsection.8.2.3}{\376\377\165\062\205\373\225\350}{section.8.2}% 122
\BOOKMARK [1][-]{section.8.3}{\376\377\203\314\174\173}{chapter.8}% 123
\BOOKMARK [2][-]{subsection.8.3.1}{\376\377\236\317\203\314\225\350}{section.8.3}% 124
\BOOKMARK [2][-]{subsection.8.3.2}{\376\377\167\037\203\314\225\350}{section.8.3}% 125
\BOOKMARK [0][-]{chapter.9}{\376\377\151\015\162\151\165\037\164\006\133\146}{part.2}% 126
\BOOKMARK [1][-]{section.9.1}{\376\377\151\015\162\151\116\016\154\064\122\006}{chapter.9}% 127
\BOOKMARK [2][-]{subsection.9.1.1}{\376\377\151\202\217\360}{section.9.1}% 128
\BOOKMARK [2][-]{subsection.9.1.2}{\376\377\154\064\122\277}{section.9.1}% 129
\BOOKMARK [1][-]{section.9.2}{\376\377\121\111\124\010\117\134\165\050}{chapter.9}% 130
\BOOKMARK [2][-]{subsection.9.2.1}{\376\377\121\111\124\010\202\162\175\040}{section.9.2}% 131
\BOOKMARK [2][-]{subsection.9.2.2}{\376\377\121\111\124\010\117\134\165\050\217\307\172\013}{section.9.2}% 132
\BOOKMARK [2][-]{subsection.9.2.3}{\376\377\121\111\124\174\124\070}{section.9.2}% 133
\BOOKMARK [1][-]{section.9.3}{\376\377\151\015\162\151\124\014\123\026\162\151\166\204\217\320\217\223}{chapter.9}% 134
\BOOKMARK [2][-]{subsection.9.3.1}{\376\377\151\202\217\360\377\032\217\320\217\223\166\204\220\024\137\204\124\214\145\271\124\021}{section.9.3}% 135
\BOOKMARK [-1][-]{part.3}{\376\377\173\054\116\011\220\350\122\006\000\040\122\250\162\151\133\146\060\001\122\250\162\151\165\037\164\006\133\146\060\001\165\037\140\001\133\146\060\001\122\250\162\151\210\114\116\072\133\146}{}% 136
\BOOKMARK [0][-]{chapter.10}{\376\377\122\250\162\151\133\146\151\202\213\272}{part.3}% 137
\BOOKMARK [1][-]{section.10.1}{\376\377\122\250\162\151\133\146\170\024\172\166\166\204\123\206\123\362}{chapter.10}% 138
\BOOKMARK [1][-]{section.10.2}{\376\377\122\250\162\151\166\204\127\372\147\054\176\304\176\307}{chapter.10}% 139
\BOOKMARK [2][-]{subsection.10.2.1}{\376\377\116\012\166\256\176\304\176\307}{section.10.2}% 140
\BOOKMARK [2][-]{subsection.10.2.2}{\376\377\176\323\177\024\176\304\176\307}{section.10.2}% 141
\BOOKMARK [2][-]{subsection.10.2.3}{\376\377\200\214\200\211\176\304\176\307}{section.10.2}% 142
\BOOKMARK [2][-]{subsection.10.2.4}{\376\377\171\136\176\317\176\304\176\307}{section.10.2}% 143
\BOOKMARK [1][-]{section.10.3}{\376\377\123\237\165\037\122\250\162\151\225\350}{chapter.10}% 144
\BOOKMARK [2][-]{subsection.10.3.1}{\376\377\123\237\165\037\122\250\162\151\166\204\116\000\202\054\162\171\137\201}{section.10.3}% 145
\BOOKMARK [2][-]{subsection.10.3.2}{\376\377\227\255\153\333\206\153\176\262}{section.10.3}% 146
\BOOKMARK [2][-]{subsection.10.3.3}{\376\377\176\244\153\333\206\153\176\262}{section.10.3}% 147
\BOOKMARK [1][-]{section.10.4}{\376\377\200\332\200\316\123\321\200\262}{chapter.10}% 148
\BOOKMARK [2][-]{subsection.10.4.1}{\376\377\123\165\176\306\200\336}{section.10.4}% 149
\BOOKMARK [2][-]{subsection.10.4.2}{\376\377\123\165\210\302}{section.10.4}% 150
\BOOKMARK [2][-]{subsection.10.4.3}{\376\377\124\004\200\332\134\102\122\006\123\026}{section.10.4}% 151
\BOOKMARK [1][-]{section.10.5}{\376\377\131\032\133\124\122\250\162\151\225\350}{chapter.10}% 152
\BOOKMARK [2][-]{subsection.10.5.1}{\376\377\131\032\133\124\122\250\162\151\140\073\217\360}{section.10.5}% 153
\BOOKMARK [1][-]{section.10.6}{\376\377\201\124\200\240\122\250\162\151\225\350}{chapter.10}% 154
\BOOKMARK [1][-]{section.10.7}{\376\377\142\101\137\142\122\250\162\151\225\350}{chapter.10}% 155
\BOOKMARK [1][-]{section.10.8}{\376\377\120\107\117\123\201\124\122\250\162\151\225\350}{chapter.10}% 156
\BOOKMARK [1][-]{section.10.9}{\376\377\202\202\200\242\122\250\162\151\225\350}{chapter.10}% 157
\BOOKMARK [1][-]{section.10.10}{\376\377\134\076\175\042\122\250\162\151\116\232\225\350}{chapter.10}% 158
\BOOKMARK [1][-]{section.10.11}{\376\377\131\064\175\042\122\250\162\151\116\232\225\350}{chapter.10}% 159
\BOOKMARK [1][-]{section.10.12}{\376\377\127\006\123\343\176\262}{chapter.10}% 160
\BOOKMARK [1][-]{section.10.13}{\376\377\234\174\176\262}{chapter.10}% 161
\BOOKMARK [2][-]{subsection.10.13.1}{\376\377\234\174\176\262\166\204\116\073\211\201\162\171\137\201}{section.10.13}% 162
\BOOKMARK [2][-]{subsection.10.13.2}{\376\377\234\174\176\262\166\204\122\006\174\173}{section.10.13}% 163
\BOOKMARK [0][-]{chapter.11}{\376\377\145\340\201\012\151\016\122\250\162\151\133\146}{part.3}% 164
\BOOKMARK [1][-]{section.11.1}{\376\377\117\123\122\066\116\016\162\171\153\212\176\323\147\204}{chapter.11}% 165
\BOOKMARK [2][-]{subsection.11.1.1}{\376\377\133\371\171\360\140\047}{section.11.1}% 166
\BOOKMARK [1][-]{section.11.2}{\376\377\117\123\130\301\116\016\232\250\232\274}{chapter.11}% 167
\BOOKMARK [1][-]{section.11.3}{\376\377\200\214\200\211\116\016\217\320\122\250}{chapter.11}% 168
\BOOKMARK [1][-]{section.11.4}{\376\377\123\326\230\337\116\016\155\210\123\026}{chapter.11}% 169
\BOOKMARK [1][-]{section.11.5}{\376\377\124\174\124\070}{chapter.11}% 170
\BOOKMARK [2][-]{subsection.11.5.1}{\376\377\124\174\124\070\202\162\175\040}{section.11.5}% 171
\BOOKMARK [1][-]{section.11.6}{\376\377\137\252\163\257}{chapter.11}% 172
\BOOKMARK [1][-]{section.11.7}{\376\377\143\222\154\304}{chapter.11}% 173
\BOOKMARK [1][-]{section.11.8}{\376\377\171\136\176\317\116\016\141\037\133\230}{chapter.11}% 174
\BOOKMARK [1][-]{section.11.9}{\376\377\165\037\153\226\124\214\123\321\200\262}{chapter.11}% 175
\BOOKMARK [0][-]{chapter.12}{\376\377\201\012\151\016\153\324\211\343}{part.3}% 176
\BOOKMARK [1][-]{section.12.1}{\376\377\176\352\213\272}{chapter.12}% 177
\BOOKMARK [1][-]{section.12.2}{\376\377\201\012\175\042\122\250\162\151\225\350\140\073\213\272}{chapter.12}% 178
\BOOKMARK [2][-]{subsection.12.2.1}{\376\377\201\012\175\042\122\250\162\151\225\350\166\204\121\161\124\014\162\171\137\201}{section.12.2}% 179
\BOOKMARK [2][-]{subsection.12.2.2}{\376\377\215\167\156\220\124\214\157\024\123\026}{section.12.2}% 180
\BOOKMARK [1][-]{section.12.3}{\376\377\117\123\201\124\124\214\174\373\201\234}{chapter.12}% 181
\BOOKMARK [2][-]{subsection.12.3.1}{\376\377\117\123\201\124}{section.12.3}% 182
\BOOKMARK [2][-]{subsection.12.3.2}{\376\377\174\373\201\234}{section.12.3}% 183
\BOOKMARK [1][-]{section.12.4}{\376\377\166\256\200\244\123\312\121\166\210\115\165\037\162\151}{chapter.12}% 184
\BOOKMARK [1][-]{section.12.5}{\376\377\232\250\232\274\174\373\176\337}{chapter.12}% 185
\BOOKMARK [2][-]{subsection.12.5.1}{\376\377\201\012\147\361\124\214\200\213\232\250\060\001\200\370\232\250}{section.12.5}% 186
\BOOKMARK [2][-]{subsection.12.5.2}{\376\377\131\064\232\250}{section.12.5}% 187
\BOOKMARK [1][-]{section.12.6}{\376\377\200\214\200\211\174\373\176\337}{chapter.12}% 188
\BOOKMARK [2][-]{subsection.12.6.1}{\376\377\151\202\217\360}{section.12.6}% 189
\BOOKMARK [2][-]{subsection.12.6.2}{\376\377\117\123\202\202\200\214}{section.12.6}% 190
\BOOKMARK [1][-]{section.12.7}{\376\377\155\210\123\026\174\373\176\337}{chapter.12}% 191
\BOOKMARK [2][-]{subsection.12.7.1}{\376\377\200\240}{section.12.7}% 192
\BOOKMARK [2][-]{subsection.12.7.2}{\376\377\162\131\237\177}{section.12.7}% 193
\BOOKMARK [2][-]{subsection.12.7.3}{\376\377\202\014}{section.12.7}% 194
\BOOKMARK [2][-]{subsection.12.7.4}{\376\377\123\343\201\172}{section.12.7}% 195
\BOOKMARK [2][-]{subsection.12.7.5}{\376\377\124\275}{section.12.7}% 196
\BOOKMARK [2][-]{subsection.12.7.6}{\376\377\230\337\220\123\116\016\200\303}{section.12.7}% 197
\BOOKMARK [2][-]{subsection.12.7.7}{\376\377\200\240}{section.12.7}% 198
\BOOKMARK [1][-]{section.12.8}{\376\377\124\174\124\070\174\373\176\337}{chapter.12}% 199
\BOOKMARK [1][-]{section.12.9}{\376\377\143\222\154\304\174\373\176\337}{chapter.12}% 200
\BOOKMARK [2][-]{subsection.12.9.1}{\376\377\200\276\201\017}{section.12.9}% 201
\BOOKMARK [2][-]{subsection.12.9.2}{\376\377\217\223\134\077\173\241\060\001\201\200\200\361\060\001\143\222\154\304\116\247\162\151}{section.12.9}% 202
\BOOKMARK [1][-]{section.12.10}{\376\377\165\037\153\226\174\373\176\337}{chapter.12}% 203
\BOOKMARK [2][-]{subsection.12.10.1}{\376\377\165\037\153\226\174\373\176\337\166\204\147\145\156\220}{section.12.10}% 204
\BOOKMARK [2][-]{subsection.12.10.2}{\376\377\165\037\153\226\201\172}{section.12.10}% 205
\BOOKMARK [2][-]{subsection.12.10.3}{\376\377\226\304\140\047\165\037\153\226\173\241}{section.12.10}% 206
\BOOKMARK [2][-]{subsection.12.10.4}{\376\377\122\157\140\047\201\172\060\001\116\244\143\245\126\150}{section.12.10}% 207
\BOOKMARK [2][-]{subsection.12.10.5}{\376\377\116\244\143\245\126\150}{section.12.10}% 208
\BOOKMARK [1][-]{section.12.11}{\376\377\137\252\163\257\174\373\176\337}{chapter.12}% 209
\BOOKMARK [1][-]{section.12.12}{\376\377\171\136\176\317\174\373\176\337}{chapter.12}% 210
\BOOKMARK [1][-]{section.12.13}{\376\377\141\037\211\311\126\150\133\230}{chapter.12}% 211
\BOOKMARK [2][-]{subsection.12.13.1}{\376\377\166\256\200\244\141\037\211\311\126\150\133\230}{section.12.13}% 212
\BOOKMARK [2][-]{subsection.12.13.2}{\376\377\117\247\176\277\174\373\176\337}{section.12.13}% 213
\BOOKMARK [2][-]{subsection.12.13.3}{\376\377\117\115\124\054\126\150\133\230}{section.12.13}% 214
\BOOKMARK [2][-]{subsection.12.13.4}{\376\377\211\306\211\311\126\150\133\230}{section.12.13}% 215
\BOOKMARK [2][-]{subsection.12.13.5}{\376\377\210\100\173\241\126\312}{section.12.13}% 216
\BOOKMARK [2][-]{subsection.12.13.6}{\376\377\123\026\133\146\141\037\123\327\126\150\040\024\040\024\125\305\211\311\124\214\124\163\211\311}{section.12.13}% 217
\BOOKMARK [1][-]{section.12.14}{\376\377\121\205\122\006\154\314\174\373\176\337}{chapter.12}% 218
\BOOKMARK [0][-]{chapter.13}{\376\377\122\250\162\151\165\037\164\006\133\146}{part.3}% 219
\BOOKMARK [1][-]{section.13.1}{\376\377\176\352\213\272}{chapter.13}% 220
\BOOKMARK [2][-]{subsection.13.1.1}{\376\377\122\250\162\151\133\236\232\214}{section.13.1}% 221
\BOOKMARK [2][-]{subsection.13.1.2}{\376\377\147\072\117\123\165\037\164\006\122\237\200\375\166\204\214\003\202\202}{section.13.1}% 222
\BOOKMARK [2][-]{subsection.13.1.3}{\376\377\122\115\231\210\143\247\122\066\174\373\176\337}{section.13.1}% 223
\BOOKMARK [1][-]{section.13.2}{\376\377\176\306\200\336\165\065\155\073\122\250}{chapter.13}% 224
\BOOKMARK [2][-]{subsection.13.2.1}{\376\377\227\131\140\157\165\065\117\115}{section.13.2}% 225
\BOOKMARK [2][-]{subsection.13.2.2}{\376\377\122\250\117\134\165\065\117\115}{section.13.2}% 226
\BOOKMARK [2][-]{subsection.13.2.3}{\376\377\165\065\175\047\137\040\165\065\117\115\124\214\134\100\220\350\165\065\117\115}{section.13.2}% 227
\BOOKMARK [1][-]{section.13.3}{\376\377\200\214\176\306\200\336\124\214\200\214\200\211}{chapter.13}% 228
\BOOKMARK [1][-]{section.13.4}{\376\377\210\100\155\262}{chapter.13}% 229
\BOOKMARK [2][-]{subsection.13.4.1}{\376\377\210\100\155\262\165\037\164\006\151\202\217\360}{section.13.4}% 230
\BOOKMARK [2][-]{subsection.13.4.2}{\376\377\210\100\176\306\200\336}{section.13.4}% 231
\BOOKMARK [1][-]{section.13.5}{\376\377\210\100\155\262\137\252\163\257}{chapter.13}% 232
\BOOKMARK [2][-]{subsection.13.5.1}{\376\377\137\303\201\017\166\204\154\365\210\100\122\237\200\375}{section.13.5}% 233
\BOOKMARK [2][-]{subsection.13.5.2}{\376\377\137\303\201\017\166\204\165\065\165\037\164\006}{section.13.5}% 234
\BOOKMARK [2][-]{subsection.13.5.3}{\376\377\137\303\200\214\176\306\200\336\166\204\215\350\201\234\165\065\117\115}{section.13.5}% 235
\BOOKMARK [2][-]{subsection.13.5.4}{\376\377\210\100\173\241\165\037\164\006}{section.13.5}% 236
\BOOKMARK [1][-]{section.13.6}{\376\377\124\174\124\070}{chapter.13}% 237
\BOOKMARK [2][-]{subsection.13.6.1}{\376\377\200\272\220\032\154\024}{section.13.6}% 238
\BOOKMARK [1][-]{section.13.7}{\376\377\200\375\221\317\116\343\214\042\116\016\117\123\156\051}{chapter.13}% 239
\BOOKMARK [2][-]{subsection.13.7.1}{\376\377\200\375\221\317\116\343\214\042}{section.13.7}% 240
\BOOKMARK [2][-]{subsection.13.7.2}{\376\377\117\123\156\051\123\312\121\166\214\003\202\202}{section.13.7}% 241
\BOOKMARK [1][-]{section.13.8}{\376\377\134\077\166\204\165\037\142\020\124\214\143\222\121\372}{chapter.13}% 242
\BOOKMARK [2][-]{subsection.13.8.1}{\376\377\200\276\166\204\122\237\200\375\211\343\122\126}{section.13.8}% 243
\BOOKMARK [2][-]{subsection.13.8.2}{\376\377\200\276\166\204\210\100\155\101}{section.13.8}% 244
\BOOKMARK [2][-]{subsection.13.8.3}{\376\377\200\276\134\017\164\003\166\204\156\344\217\307\122\237\200\375}{section.13.8}% 245
\BOOKMARK [2][-]{subsection.13.8.4}{\376\377\200\276\134\017\173\241\124\214\226\306\124\010\173\241\166\204\162\151\215\050\217\154\217\320\122\237\200\375}{section.13.8}% 246
\BOOKMARK [1][-]{section.13.9}{\376\377\171\136\176\317\174\373\176\337}{chapter.13}% 247
\BOOKMARK [2][-]{subsection.13.9.1}{\376\377\171\136\176\317\174\373\176\337\166\204\127\372\147\054\123\237\164\006}{section.13.9}% 248
\BOOKMARK [2][-]{subsection.13.9.2}{\376\377\171\136\176\317\174\373\176\337\166\204\141\037\211\311\122\006\147\220\122\237\200\375}{section.13.9}% 249
\BOOKMARK [2][-]{subsection.13.9.3}{\376\377\171\136\176\317\174\373\176\337\133\371\216\257\117\123\217\320\122\250\166\204\214\003\143\247}{section.13.9}% 250
\BOOKMARK [2][-]{subsection.13.9.4}{\376\377\201\021\165\065\155\073\122\250\060\001\167\141\167\040\116\016\211\311\221\222}{section.13.9}% 251
\BOOKMARK [2][-]{subsection.13.9.5}{\376\377\167\141\167\040\116\016\211\311\221\222}{section.13.9}% 252
\BOOKMARK [2][-]{subsection.13.9.6}{\376\377\116\272\201\021\166\204\232\330\176\247\122\237\200\375}{section.13.9}% 253
\BOOKMARK [1][-]{section.13.10}{\376\377\121\205\122\006\154\314}{chapter.13}% 254
\BOOKMARK [1][-]{section.13.11}{\376\377\165\037\153\226}{chapter.13}% 255
\BOOKMARK [2][-]{subsection.13.11.1}{\376\377\165\067\140\047\165\037\153\226\122\237\200\375}{section.13.11}% 256
\BOOKMARK [2][-]{subsection.13.11.2}{\376\377\131\163\140\047\165\037\153\226\122\237\200\375}{section.13.11}% 257
\BOOKMARK [2][-]{subsection.13.11.3}{\376\377\131\212\132\040}{section.13.11}% 258
\BOOKMARK [0][-]{chapter.14}{\376\377\165\037\140\001\133\146}{part.3}% 259
\BOOKMARK [1][-]{section.14.1}{\376\377\176\352\213\272}{chapter.14}% 260
\BOOKMARK [2][-]{subsection.14.1.1}{\376\377\165\037\140\001\133\146\126\333\131\047\133\146\155\076}{section.14.1}% 261
\BOOKMARK [1][-]{section.14.2}{\376\377\116\052\117\123\165\037\140\001\133\146}{chapter.14}% 262
\BOOKMARK [2][-]{subsection.14.2.1}{\376\377\163\257\130\203\124\214\165\037\140\001\126\340\133\120}{section.14.2}% 263
\BOOKMARK [2][-]{subsection.14.2.2}{\376\377\121\111\166\204\165\037\140\001\117\134\165\050}{section.14.2}% 264
\BOOKMARK [2][-]{subsection.14.2.3}{\376\377\156\051\136\246\166\204\165\037\140\001\117\134\165\050}{section.14.2}% 265
\BOOKMARK [2][-]{subsection.14.2.4}{\376\377\154\064\166\204\165\037\140\001\117\134\165\050}{section.14.2}% 266
\BOOKMARK [2][-]{subsection.14.2.5}{\376\377\160\153\166\204\165\037\140\001\117\134\165\050}{section.14.2}% 267
\BOOKMARK [1][-]{section.14.3}{\376\377\171\315\177\244\165\037\140\001\133\146}{chapter.14}% 268
\BOOKMARK [2][-]{subsection.14.3.1}{\376\377\171\315\177\244\166\204\151\202\137\365}{section.14.3}% 269
\BOOKMARK [2][-]{subsection.14.3.2}{\376\377\171\315\177\244\131\047\134\017\166\204\117\060\213\241}{section.14.3}% 270
\BOOKMARK [2][-]{subsection.14.3.3}{\376\377\165\037\162\151\131\032\150\067\140\047\166\204\174\173\122\053\123\312\213\241\173\227}{section.14.3}% 271
\BOOKMARK [2][-]{subsection.14.3.4}{\376\377\171\315\177\244\166\204\122\250\140\001}{section.14.3}% 272
\BOOKMARK [0][-]{chapter.15}{\376\377\122\250\162\151\210\114\116\072\133\146}{part.3}% 273
\BOOKMARK [-1][-]{part.4}{\376\377\173\054\126\333\220\350\122\006\000\040\220\127\117\040\133\146\060\001\217\333\123\026\165\037\162\151\133\146\060\001\165\037\162\151\117\341\140\157\124\214\176\337\213\241}{}% 274
\BOOKMARK [0][-]{chapter.16}{\376\377\220\127\117\040\133\146}{part.4}% 275
\BOOKMARK [1][-]{section.16.1}{\376\377\133\137\137\267\134\024\220\127\117\040}{chapter.16}% 276
\BOOKMARK [2][-]{subsection.16.1.1}{\376\377\220\127\117\040\133\146\145\160\143\156\166\204\176\337\213\241\131\004\164\006}{section.16.1}% 277
\BOOKMARK [2][-]{subsection.16.1.2}{\376\377\133\137\137\267\134\024\220\127\117\040\165\305}{section.16.1}% 278
\BOOKMARK [2][-]{subsection.16.1.3}{\376\377\133\137\137\267\134\024\220\127\117\040\166\204\142\323\134\125}{section.16.1}% 279
\BOOKMARK [2][-]{subsection.16.1.4}{\376\377\146\076\226\220\140\047\166\204\166\370\133\371\140\047}{section.16.1}% 280
\BOOKMARK [2][-]{subsection.16.1.5}{\376\377\201\364\153\173\127\372\126\340}{section.16.1}% 281
\BOOKMARK [2][-]{subsection.16.1.6}{\376\377\131\015\173\111\117\115\163\260\214\141}{section.16.1}% 282
\BOOKMARK [2][-]{subsection.16.1.7}{\376\377\227\136\173\111\117\115\127\372\126\340\225\364\166\204\166\370\116\222\117\134\165\050}{section.16.1}% 283
\BOOKMARK [1][-]{section.16.2}{\376\377\122\006\133\120\220\127\117\040}{chapter.16}% 284
\BOOKMARK [2][-]{subsection.16.2.1}{\376\377\116\272\166\204\121\110\131\051\116\343\214\042\177\072\226\167}{section.16.2}% 285
\BOOKMARK [2][-]{subsection.16.2.2}{\376\377\117\115\177\156\145\110\136\224}{section.16.2}% 286
\BOOKMARK [2][-]{subsection.16.2.3}{\376\377\230\172\123\315\133\120}{section.16.2}% 287
\BOOKMARK [1][-]{section.16.3}{\376\377\140\047\122\053\121\263\133\232}{chapter.16}% 288
\BOOKMARK [2][-]{subsection.16.3.1}{\376\377\136\070\211\301\166\204\140\047\122\053\121\263\133\232}{section.16.3}% 289
\BOOKMARK [2][-]{subsection.16.3.2}{\376\377\162\171\153\212\166\204\140\047\122\053\121\263\133\232}{section.16.3}% 290
\BOOKMARK [2][-]{subsection.16.3.3}{\376\377\163\257\130\203\133\371\140\047\122\053\166\204\137\161\124\315}{section.16.3}% 291
\BOOKMARK [2][-]{subsection.16.3.4}{\376\377\116\272\174\173\166\204\140\047\122\053\121\263\133\232}{section.16.3}% 292
\BOOKMARK [1][-]{section.16.4}{\376\377\217\336\225\001\122\006\147\220}{chapter.16}% 293
\BOOKMARK [2][-]{subsection.16.4.1}{\376\377\217\336\225\001\116\016\116\244\143\142}{section.16.4}% 294
\BOOKMARK [2][-]{subsection.16.4.2}{\376\377\146\156\220\032\217\336\225\001\122\006\147\220}{section.16.4}% 295
\BOOKMARK [2][-]{subsection.16.4.3}{\376\377\174\227\174\331\224\376\133\142\227\011\166\204\217\336\225\001\122\006\147\220}{section.16.4}% 296
\BOOKMARK [1][-]{section.16.5}{\376\377\176\306\203\314\124\214\126\154\203\314\117\123\166\204\221\315\176\304\124\214\217\336\225\001}{chapter.16}% 297
\BOOKMARK [2][-]{subsection.16.5.1}{\376\377\176\306\203\314\124\214\126\154\203\314\117\123\220\127\117\040\122\006\147\220\166\204\162\171\160\271}{section.16.5}% 298
\BOOKMARK [2][-]{subsection.16.5.2}{\376\377\126\154\203\314\117\123\166\204\217\336\225\001\122\006\147\220}{section.16.5}% 299
\BOOKMARK [2][-]{subsection.16.5.3}{\376\377\176\306\203\314\166\204\217\336\225\001\122\006\147\220}{section.16.5}% 300
\BOOKMARK [1][-]{section.16.6}{\376\377\145\160\221\317\140\047\162\266\220\127\117\040}{chapter.16}% 301
\BOOKMARK [2][-]{subsection.16.6.1}{\376\377\145\160\221\317\140\047\162\266\166\204\220\127\117\040\122\006\147\220}{section.16.6}% 302
\BOOKMARK [2][-]{subsection.16.6.2}{\376\377\122\006\147\220\145\160\221\317\140\047\162\266\166\204\127\372\147\054\176\337\213\241\133\146\145\271\154\325}{section.16.6}% 303
\BOOKMARK [2][-]{subsection.16.6.3}{\376\377\220\127\117\040\163\207}{section.16.6}% 304
\BOOKMARK [2][-]{subsection.16.6.4}{\376\377\217\321\116\244\174\373\145\160\124\214\116\262\177\030\174\373\145\160}{section.16.6}% 305
\BOOKMARK [1][-]{section.16.7}{\376\377\220\127\117\040\162\151\215\050\166\204\145\071\123\330}{chapter.16}% 306
\BOOKMARK [2][-]{subsection.16.7.1}{\376\377\147\323\202\162\117\123\176\323\147\204\145\071\123\330}{section.16.7}% 307
\BOOKMARK [2][-]{subsection.16.7.2}{\376\377\147\323\202\162\117\123\145\160\166\356\145\071\123\330}{section.16.7}% 308
\BOOKMARK [2][-]{subsection.16.7.3}{\376\377\127\372\126\340\172\201\123\330}{section.16.7}% 309
\BOOKMARK [1][-]{section.16.8}{\376\377\176\306\200\336\215\050\124\214\220\127\117\040\166\204\121\163\174\373}{chapter.16}% 310
\BOOKMARK [2][-]{subsection.16.8.1}{\376\377\153\315\140\047\137\161\124\315}{section.16.8}% 311
\BOOKMARK [2][-]{subsection.16.8.2}{\376\377\176\306\200\336\215\050\220\127\117\040}{section.16.8}% 312
\BOOKMARK [2][-]{subsection.16.8.3}{\376\377\150\070\215\050\116\222\117\134\116\016\171\276\214\067\174\173\117\134\162\151\226\304\140\047\116\015\200\262}{section.16.8}% 313
\BOOKMARK [1][-]{section.16.9}{\376\377\127\372\126\340\176\304}{chapter.16}% 314
\BOOKMARK [1][-]{section.16.10}{\376\377\220\127\117\040\122\006\147\220}{chapter.16}% 315
\BOOKMARK [1][-]{section.16.11}{\376\377\220\127\117\040\116\016\116\052\117\123\123\321\200\262}{chapter.16}% 316
\BOOKMARK [0][-]{chapter.17}{\376\377\217\333\123\026\165\037\162\151\133\146}{part.4}% 317
\BOOKMARK [0][-]{chapter.18}{\376\377\165\037\162\151\117\341\140\157\124\214\176\337\213\241}{part.4}% 318
\BOOKMARK [1][-]{section.18.1}{\376\377\145\160\143\156\136\223}{chapter.18}% 319
\BOOKMARK [2][-]{subsection.18.1.1}{\376\377\165\037\162\151\117\341\140\157\133\146\145\160\143\156\136\223\166\204\122\006\174\173}{section.18.1}% 320
\BOOKMARK [2][-]{subsection.18.1.2}{\376\377\116\000\176\247\150\070\221\170\145\160\143\156\136\223}{section.18.1}% 321
\BOOKMARK [2][-]{subsection.18.1.3}{\376\377\116\214\176\247\150\070\221\170\145\160\143\156\136\223}{section.18.1}% 322
\BOOKMARK [2][-]{subsection.18.1.4}{\376\377\116\000\176\247\206\313\166\175\215\050\145\160\143\156\136\223}{section.18.1}% 323
\BOOKMARK [2][-]{subsection.18.1.5}{\376\377\116\214\176\247\206\313\166\175\215\050\145\160\143\156\136\223}{section.18.1}% 324
\BOOKMARK [2][-]{subsection.18.1.6}{\376\377\116\023\165\050\145\160\143\156\136\223}{section.18.1}% 325
\BOOKMARK [1][-]{section.18.2}{\376\377\136\217\122\027\153\324\133\371}{chapter.18}% 326
\BOOKMARK [2][-]{subsection.18.2.1}{\376\377\000F\000A\000S\000T\000A\150\074\137\017}{section.18.2}% 327
\BOOKMARK [2][-]{subsection.18.2.2}{\376\377\136\217\122\027\166\370\117\074\140\047\122\006\147\220}{section.18.2}% 328
\BOOKMARK [2][-]{subsection.18.2.3}{\376\377\000B\000L\000A\000S\000T}{section.18.2}% 329
\BOOKMARK [1][-]{section.18.3}{\376\377\122\006\133\120\217\333\123\026}{chapter.18}% 330
\BOOKMARK [2][-]{subsection.18.3.1}{\376\377\124\014\156\220}{section.18.3}% 331
\BOOKMARK [2][-]{subsection.18.3.2}{\376\377\174\373\176\337\123\321\200\262\150\021}{section.18.3}% 332
\BOOKMARK [1][-]{section.18.4}{\376\377\206\313\166\175\215\050\176\323\147\204\230\204\155\113}{chapter.18}% 333
\BOOKMARK [2][-]{subsection.18.4.1}{\376\377\206\313\166\175\215\050\176\323\147\204\145\160\143\156\136\223}{section.18.4}% 334
\BOOKMARK [2][-]{subsection.18.4.2}{\376\377\206\313\166\175\215\050\176\323\147\204\230\204\155\113\217\157\116\366}{section.18.4}% 335
\BOOKMARK [2][-]{subsection.18.4.3}{\376\377\206\313\166\175\215\050\122\006\133\120\147\345\167\013\126\150}{section.18.4}% 336
\BOOKMARK [-1][-]{part.5}{\376\377\173\054\116\224\220\350\122\006\000\040\226\104\137\125}{}% 337
\BOOKMARK [0][-]{appendix.A}{\376\377\136\014\201\112\133\127\153\315\210\150}{part.5}% 338
\BOOKMARK [0][-]{appendix.B}{\376\377\127\060\215\050\136\164\116\343\210\150}{part.5}% 339
\BOOKMARK [0][-]{appendix.C}{\376\377\165\037\162\151\133\146\124\015\124\214\177\051\121\231}{part.5}% 340
\BOOKMARK [0][-]{appendix.D}{\376\377\146\023\213\373\225\031\166\204\133\127}{part.5}% 341
\BOOKMARK [0][-]{appendix.E}{\376\377\136\070\211\301\124\015\213\315\166\204\122\053\124\015}{part.5}% 342
\BOOKMARK [0][-]{appendix.F}{\376\377\000G\000e\000n\000b\000a\000n\000k\000\040\000X\0000\0001\0007\0001\0004}{part.5}% 343
